[0.011s] Invoking command in '/home/jrayappa/final_ros2_ws/build/software_training': CMAKE_PREFIX_PATH=/opt/ros/foxy /usr/bin/cmake /home/jrayappa/final_ros2_ws/src/software_training -DCMAKE_INSTALL_PREFIX=/home/jrayappa/final_ros2_ws/install/software_training
[0.019s] CMake Warning (dev) at CMakeLists.txt:107:
[0.019s]   Syntax Warning in cmake code at column 106
[0.019s] 
[0.020s]   Argument not separated from preceding token by whitespace.
[0.020s] This warning is for project developers.  Use -Wno-dev to suppress it.
[0.020s] 
[0.020s] CMake Warning (dev) at CMakeLists.txt:122:
[0.020s]   Syntax Warning in cmake code at column 111
[0.020s] 
[0.020s]   Argument not separated from preceding token by whitespace.
[0.020s] This warning is for project developers.  Use -Wno-dev to suppress it.
[0.020s] 
[0.082s] -- The C compiler identification is GNU 9.4.0
[0.141s] -- The CXX compiler identification is GNU 9.4.0
[0.144s] -- Check for working C compiler: /usr/bin/cc
[0.188s] -- Check for working C compiler: /usr/bin/cc -- works
[0.189s] -- Detecting C compiler ABI info
[0.236s] -- Detecting C compiler ABI info - done
[0.244s] -- Detecting C compile features
[0.244s] -- Detecting C compile features - done
[0.246s] -- Check for working CXX compiler: /usr/bin/c++
[0.297s] -- Check for working CXX compiler: /usr/bin/c++ -- works
[0.298s] -- Detecting CXX compiler ABI info
[0.353s] -- Detecting CXX compiler ABI info - done
[0.362s] -- Detecting CXX compile features
[0.363s] -- Detecting CXX compile features - done
[0.364s] -- Found ament_cmake: 0.9.9 (/opt/ros/foxy/share/ament_cmake/cmake)
[0.380s] -- Found PythonInterp: /usr/bin/python3 (found suitable version "3.8.10", minimum required is "3") 
[0.380s] -- Using PYTHON_EXECUTABLE: /usr/bin/python3
[0.526s] -- Found rclcpp: 2.4.1 (/opt/ros/foxy/share/rclcpp/cmake)
[0.555s] -- Using all available rosidl_typesupport_c: rosidl_typesupport_fastrtps_c;rosidl_typesupport_introspection_c
[0.559s] -- Found rosidl_adapter: 1.2.1 (/opt/ros/foxy/share/rosidl_adapter/cmake)
[0.605s] -- Found OpenSSL: /usr/lib/x86_64-linux-gnu/libcrypto.so (found version "1.1.1f")  
[0.627s] -- Found FastRTPS: /opt/ros/foxy/include  
[0.679s] -- Using all available rosidl_typesupport_cpp: rosidl_typesupport_fastrtps_cpp;rosidl_typesupport_introspection_cpp
[0.721s] -- Found rmw_implementation_cmake: 1.0.3 (/opt/ros/foxy/share/rmw_implementation_cmake/cmake)
[0.722s] -- Using RMW implementation 'rmw_fastrtps_cpp' as default
[0.723s] -- Looking for pthread.h
[0.770s] -- Looking for pthread.h - found
[0.770s] -- Performing Test CMAKE_HAVE_LIBC_PTHREAD
[0.821s] -- Performing Test CMAKE_HAVE_LIBC_PTHREAD - Failed
[0.821s] -- Looking for pthread_create in pthreads
[0.859s] -- Looking for pthread_create in pthreads - not found
[0.859s] -- Looking for pthread_create in pthread
[0.906s] -- Looking for pthread_create in pthread - found
[0.907s] -- Found Threads: TRUE  
[1.023s] -- Found turtlesim: 1.2.5 (/opt/ros/foxy/share/turtlesim/cmake)
[1.098s] -- Found rclcpp_components: 2.4.1 (/opt/ros/foxy/share/rclcpp_components/cmake)
[1.146s] -- Found rclcpp_action: 2.4.1 (/opt/ros/foxy/share/rclcpp_action/cmake)
[1.169s] -- Found geometry_msgs: 2.0.5 (/opt/ros/foxy/share/geometry_msgs/cmake)
[1.194s] -- Found rosidl_default_generators: 1.0.1 (/opt/ros/foxy/share/rosidl_default_generators/cmake)
[1.218s] -- Found PythonInterp: /usr/bin/python3 (found version "3.8.10") 
[1.405s] -- Found ament_cmake_ros: 0.9.2 (/opt/ros/foxy/share/ament_cmake_ros/cmake)
[1.600s] -- Using all available rosidl_typesupport_c: rosidl_typesupport_fastrtps_c;rosidl_typesupport_introspection_c
[1.695s] -- Using all available rosidl_typesupport_cpp: rosidl_typesupport_fastrtps_cpp;rosidl_typesupport_introspection_cpp
[1.715s] -- Found PythonInterp: /usr/bin/python3 (found suitable version "3.8.10", minimum required is "3.5") 
[1.717s] -- Found python_cmake_module: 0.8.1 (/opt/ros/foxy/share/python_cmake_module/cmake)
[1.735s] -- Found PythonLibs: /usr/lib/x86_64-linux-gnu/libpython3.8.so (found suitable version "3.8.10", minimum required is "3.5") 
[1.736s] -- Using PYTHON_EXECUTABLE: /usr/bin/python3
[1.736s] -- Using PYTHON_INCLUDE_DIRS: /usr/include/python3.8
[1.736s] -- Using PYTHON_LIBRARIES: /usr/lib/x86_64-linux-gnu/libpython3.8.so
[1.751s] -- Found PythonExtra: .so  
[1.831s] -- Configuring done
[1.939s] -- Generating done
[1.942s] -- Build files have been written to: /home/jrayappa/final_ros2_ws/build/software_training
[1.949s] Invoked command in '/home/jrayappa/final_ros2_ws/build/software_training' returned '0': CMAKE_PREFIX_PATH=/opt/ros/foxy /usr/bin/cmake /home/jrayappa/final_ros2_ws/src/software_training -DCMAKE_INSTALL_PREFIX=/home/jrayappa/final_ros2_ws/install/software_training
[1.951s] Invoking command in '/home/jrayappa/final_ros2_ws/build/software_training': CMAKE_PREFIX_PATH=/opt/ros/foxy /usr/bin/cmake --build /home/jrayappa/final_ros2_ws/build/software_training -- -j12 -l12
[1.980s] [35m[1mScanning dependencies of target turtle_request[0m
[1.980s] [35m[1mScanning dependencies of target software_training__cpp[0m
[1.980s] [35m[1mScanning dependencies of target turtle_spawn[0m
[1.980s] [35m[1mScanning dependencies of target cmd_vel_publisher[0m
[1.980s] [35m[1mScanning dependencies of target moving_action_server[0m
[1.980s] [  1%] [34m[1mGenerating C code for ROS interfaces[0m
[1.988s] [  3%] [34m[1mGenerating C++ code for ROS interfaces[0m
[2.064s] [  4%] [32mBuilding CXX object CMakeFiles/moving_action_server.dir/rclcpp_components/node_main_moving_action_server.cpp.o[0m
[2.068s] [  6%] [32mBuilding CXX object CMakeFiles/turtle_spawn.dir/src/spawn_turtle_nodelet.cpp.o[0m
[2.069s] [  8%] [32mBuilding CXX object CMakeFiles/turtle_request.dir/src/turtle_neutralize.cpp.o[0m
[2.073s] [  9%] [32mBuilding CXX object CMakeFiles/cmd_vel_publisher.dir/src/cmd_vel_moving_turt_publisher.cpp.o[0m
[2.577s] [35m[1mScanning dependencies of target software_training__rosidl_generator_c[0m
[2.600s] [ 11%] [32mBuilding C object CMakeFiles/software_training__rosidl_generator_c.dir/rosidl_generator_c/software_training/action/detail/software__functions.c.o[0m
[2.602s] [ 13%] [32mBuilding C object CMakeFiles/software_training__rosidl_generator_c.dir/rosidl_generator_c/software_training/msg/detail/software__functions.c.o[0m
[2.605s] [ 14%] [32mBuilding C object CMakeFiles/software_training__rosidl_generator_c.dir/rosidl_generator_c/software_training/srv/detail/software__functions.c.o[0m
[2.606s] [ 14%] Built target software_training__cpp
[2.622s] [ 16%] [34m[1mGenerating C++ type support dispatch for ROS interfaces[0m
[2.624s] [ 18%] [34m[1mGenerating C++ introspection for ROS interfaces[0m
[2.647s] [ 19%] [34m[1mGenerating C++ type support for eProsima Fast-RTPS[0m
[2.699s] [ 21%] [32m[1mLinking C shared library libsoftware_training__rosidl_generator_c.so[0m
[2.752s] [ 21%] Built target software_training__rosidl_generator_c
[2.765s] [ 22%] [34m[1mGenerating C type support dispatch for ROS interfaces[0m
[2.767s] [ 24%] [34m[1mGenerating C introspection for ROS interfaces[0m
[3.214s] [35m[1mScanning dependencies of target software_training__rosidl_typesupport_cpp[0m
[3.225s] [35m[1mScanning dependencies of target software_training__rosidl_typesupport_introspection_c[0m
[3.228s] [ 26%] [32mBuilding CXX object CMakeFiles/software_training__rosidl_typesupport_cpp.dir/rosidl_typesupport_cpp/software_training/msg/software__type_support.cpp.o[0m
[3.233s] [ 27%] [32mBuilding CXX object CMakeFiles/software_training__rosidl_typesupport_cpp.dir/rosidl_typesupport_cpp/software_training/srv/software__type_support.cpp.o[0m
[3.239s] [ 29%] [32mBuilding CXX object CMakeFiles/software_training__rosidl_typesupport_cpp.dir/rosidl_typesupport_cpp/software_training/action/software__type_support.cpp.o[0m
[3.269s] [ 31%] [32mBuilding C object CMakeFiles/software_training__rosidl_typesupport_introspection_c.dir/rosidl_typesupport_introspection_c/software_training/msg/detail/software__type_support.c.o[0m
[3.283s] [ 32%] [32mBuilding C object CMakeFiles/software_training__rosidl_typesupport_introspection_c.dir/rosidl_typesupport_introspection_c/software_training/srv/detail/software__type_support.c.o[0m
[3.337s] [35m[1mScanning dependencies of target software_training__rosidl_typesupport_c[0m
[3.350s] [ 34%] [32mBuilding C object CMakeFiles/software_training__rosidl_typesupport_introspection_c.dir/rosidl_typesupport_introspection_c/software_training/action/detail/software__type_support.c.o[0m
[3.351s] [35m[1mScanning dependencies of target software_training__rosidl_typesupport_introspection_cpp[0m
[3.378s] [ 36%] [32mBuilding CXX object CMakeFiles/software_training__rosidl_typesupport_c.dir/rosidl_typesupport_c/software_training/msg/software__type_support.cpp.o[0m
[3.382s] [ 37%] [32mBuilding CXX object CMakeFiles/software_training__rosidl_typesupport_c.dir/rosidl_typesupport_c/software_training/srv/software__type_support.cpp.o[0m
[3.396s] [ 39%] [32mBuilding CXX object CMakeFiles/software_training__rosidl_typesupport_introspection_cpp.dir/rosidl_typesupport_introspection_cpp/software_training/msg/detail/software__type_support.cpp.o[0m
[3.428s] [ 40%] [32m[1mLinking C shared library libsoftware_training__rosidl_typesupport_introspection_c.so[0m
[3.456s] [ 42%] [32mBuilding CXX object CMakeFiles/software_training__rosidl_typesupport_c.dir/rosidl_typesupport_c/software_training/action/software__type_support.cpp.o[0m
[3.460s] [ 44%] [32mBuilding CXX object CMakeFiles/software_training__rosidl_typesupport_introspection_cpp.dir/rosidl_typesupport_introspection_cpp/software_training/srv/detail/software__type_support.cpp.o[0m
[3.496s] [ 44%] Built target software_training__rosidl_typesupport_introspection_c
[3.509s] [ 45%] [32mBuilding CXX object CMakeFiles/software_training__rosidl_typesupport_introspection_cpp.dir/rosidl_typesupport_introspection_cpp/software_training/action/detail/software__type_support.cpp.o[0m
[3.532s] [ 47%] [32m[1mLinking CXX shared library libsoftware_training__rosidl_typesupport_c.so[0m
[3.541s] [35m[1mScanning dependencies of target software_training__rosidl_typesupport_fastrtps_cpp[0m
[3.623s] [ 49%] [32mBuilding CXX object CMakeFiles/software_training__rosidl_typesupport_fastrtps_cpp.dir/rosidl_typesupport_fastrtps_cpp/software_training/msg/detail/dds_fastrtps/software__type_support.cpp.o[0m
[3.702s] [ 49%] Built target software_training__rosidl_typesupport_c
[3.722s] [ 50%] [32mBuilding CXX object CMakeFiles/software_training__rosidl_typesupport_fastrtps_cpp.dir/rosidl_typesupport_fastrtps_cpp/software_training/srv/detail/dds_fastrtps/software__type_support.cpp.o[0m
[3.738s] [ 52%] [32mBuilding CXX object CMakeFiles/software_training__rosidl_typesupport_fastrtps_cpp.dir/rosidl_typesupport_fastrtps_cpp/software_training/action/detail/dds_fastrtps/software__type_support.cpp.o[0m
[3.793s] [ 54%] [32m[1mLinking CXX shared library libsoftware_training__rosidl_typesupport_cpp.so[0m
[3.859s] [ 54%] Built target software_training__rosidl_typesupport_cpp
[4.031s] [ 55%] [32m[1mLinking CXX shared library libsoftware_training__rosidl_typesupport_introspection_cpp.so[0m
[4.075s] In file included from [01m[K/home/jrayappa/final_ros2_ws/src/software_training/src/spawn_turtle_nodelet.cpp:2[m[K:
[4.075s] [01m[K/home/jrayappa/final_ros2_ws/src/software_training/include/software_training/spawn_turtle_nodelet.hpp:39:40:[m[K [01;35m[Kwarning: [m[KC++ designated initializers only available with ‘[01m[K-std=c++2a[m[K’ or ‘[01m[K-std=gnu++2a[m[K’ [[01;35m[K-Wpedantic[m[K]
[4.075s]    39 |   std::vector<turtle_info> turtle_bio{{[01;35m[K.[m[Kx_pos = 5, .y_pos = 5, .rad = 0},
[4.076s]       |                                        [01;35m[K^[m[K
[4.076s] [01m[K/home/jrayappa/final_ros2_ws/src/software_training/include/software_training/spawn_turtle_nodelet.hpp:39:52:[m[K [01;35m[Kwarning: [m[KC++ designated initializers only available with ‘[01m[K-std=c++2a[m[K’ or ‘[01m[K-std=gnu++2a[m[K’ [[01;35m[K-Wpedantic[m[K]
[4.076s]    39 |   std::vector<turtle_info> turtle_bio{{.x_pos = 5, [01;35m[K.[m[Ky_pos = 5, .rad = 0},
[4.076s]       |                                                    [01;35m[K^[m[K
[4.076s] [01m[K/home/jrayappa/final_ros2_ws/src/software_training/include/software_training/spawn_turtle_nodelet.hpp:39:64:[m[K [01;35m[Kwarning: [m[KC++ designated initializers only available with ‘[01m[K-std=c++2a[m[K’ or ‘[01m[K-std=gnu++2a[m[K’ [[01;35m[K-Wpedantic[m[K]
[4.076s]    39 |   std::vector<turtle_info> turtle_bio{{.x_pos = 5, .y_pos = 5, [01;35m[K.[m[Krad = 0},
[4.076s]       |                                                                [01;35m[K^[m[K
[4.076s] [01m[K/home/jrayappa/final_ros2_ws/src/software_training/include/software_training/spawn_turtle_nodelet.hpp:40:40:[m[K [01;35m[Kwarning: [m[KC++ designated initializers only available with ‘[01m[K-std=c++2a[m[K’ or ‘[01m[K-std=gnu++2a[m[K’ [[01;35m[K-Wpedantic[m[K]
[4.076s]    40 |                                       {[01;35m[K.[m[Kx_pos = 25, .y_pos = 10, .rad = 0}};
[4.076s]       |                                        [01;35m[K^[m[K
[4.076s] [01m[K/home/jrayappa/final_ros2_ws/src/software_training/include/software_training/spawn_turtle_nodelet.hpp:40:53:[m[K [01;35m[Kwarning: [m[KC++ designated initializers only available with ‘[01m[K-std=c++2a[m[K’ or ‘[01m[K-std=gnu++2a[m[K’ [[01;35m[K-Wpedantic[m[K]
[4.077s]    40 |                                       {.x_pos = 25, [01;35m[K.[m[Ky_pos = 10, .rad = 0}};
[4.077s]       |                                                     [01;35m[K^[m[K
[4.077s] [01m[K/home/jrayappa/final_ros2_ws/src/software_training/include/software_training/spawn_turtle_nodelet.hpp:40:66:[m[K [01;35m[Kwarning: [m[KC++ designated initializers only available with ‘[01m[K-std=c++2a[m[K’ or ‘[01m[K-std=gnu++2a[m[K’ [[01;35m[K-Wpedantic[m[K]
[4.077s]    40 |                                       {.x_pos = 25, .y_pos = 10, [01;35m[K.[m[Krad = 0}};
[4.077s]       |                                                                  [01;35m[K^[m[K
[4.107s] [ 55%] Built target software_training__rosidl_typesupport_introspection_cpp
[4.401s] [ 57%] [32m[1mLinking CXX shared library libsoftware_training__rosidl_typesupport_fastrtps_cpp.so[0m
[4.495s] [ 57%] Built target software_training__rosidl_typesupport_fastrtps_cpp
[4.504s] [ 59%] [34m[1mGenerating C type support for eProsima Fast-RTPS[0m
[4.844s] [ 60%] [32m[1mLinking CXX executable moving_action_server[0m
[4.934s] [35m[1mScanning dependencies of target software_training__rosidl_typesupport_fastrtps_c[0m
[4.958s] [ 65%] [32mBuilding CXX object CMakeFiles/software_training__rosidl_typesupport_fastrtps_c.dir/rosidl_typesupport_fastrtps_c/software_training/action/detail/software__type_support_c.cpp.o[0m
[4.958s] [ 65%] [32mBuilding CXX object CMakeFiles/software_training__rosidl_typesupport_fastrtps_c.dir/rosidl_typesupport_fastrtps_c/software_training/srv/detail/software__type_support_c.cpp.o[0m
[4.958s] [ 65%] [32mBuilding CXX object CMakeFiles/software_training__rosidl_typesupport_fastrtps_c.dir/rosidl_typesupport_fastrtps_c/software_training/msg/detail/software__type_support_c.cpp.o[0m
[4.984s] [ 65%] Built target moving_action_server
[5.409s] [ 67%] [32m[1mLinking CXX shared library libturtle_request.so[0m
[5.482s] [ 68%] [32m[1mLinking CXX shared library libsoftware_training__rosidl_typesupport_fastrtps_c.so[0m
[5.540s] [ 68%] Built target turtle_request
[5.567s] [ 68%] Built target software_training__rosidl_typesupport_fastrtps_c
[5.575s] [35m[1mScanning dependencies of target software_training[0m
[5.583s] [ 68%] Built target software_training
[5.592s] [35m[1mScanning dependencies of target turtle_service[0m
[5.593s] [35m[1mScanning dependencies of target turtle_pub[0m
[5.593s] [35m[1mScanning dependencies of target software_training__py[0m
[5.595s] [35m[1mScanning dependencies of target turtle_action_server[0m
[5.603s] [ 70%] [34m[1mGenerating Python code for ROS interfaces[0m
[5.630s] [ 72%] [32mBuilding CXX object CMakeFiles/turtle_pub.dir/src/turtle_publisher.cpp.o[0m
[5.635s] [ 73%] [32mBuilding CXX object CMakeFiles/turtle_service.dir/src/reset_moving_turtle_service.cpp.o[0m
[5.659s] [ 75%] [32mBuilding CXX object CMakeFiles/turtle_action_server.dir/src/moving_turtle_action_server.cpp.o[0m
[5.692s] [ 77%] [32m[1mLinking CXX shared library libturtle_spawn.so[0m
[5.837s] [ 77%] Built target turtle_spawn
[5.880s] [ 78%] [32m[1mLinking CXX shared library libcmd_vel_publisher.so[0m
[6.040s] [ 78%] Built target cmd_vel_publisher
[6.792s] [ 78%] Built target software_training__py
[6.801s] [35m[1mScanning dependencies of target software_training__python[0m
[6.820s] [ 80%] [32mBuilding C object CMakeFiles/software_training__python.dir/rosidl_generator_py/software_training/msg/_software_s.c.o[0m
[6.824s] [ 81%] [32mBuilding C object CMakeFiles/software_training__python.dir/rosidl_generator_py/software_training/srv/_software_s.c.o[0m
[6.824s] [ 83%] [32mBuilding C object CMakeFiles/software_training__python.dir/rosidl_generator_py/software_training/action/_software_s.c.o[0m
[6.986s] [ 85%] [32m[1mLinking C shared library rosidl_generator_py/software_training/libsoftware_training__python.so[0m
[7.028s] [ 85%] Built target software_training__python
[7.038s] [35m[1mScanning dependencies of target software_training__rosidl_typesupport_introspection_c__pyext[0m
[7.041s] [35m[1mScanning dependencies of target software_training__rosidl_typesupport_c__pyext[0m
[7.041s] [35m[1mScanning dependencies of target software_training__rosidl_typesupport_fastrtps_c__pyext[0m
[7.058s] [ 86%] [32mBuilding C object CMakeFiles/software_training__rosidl_typesupport_introspection_c__pyext.dir/rosidl_generator_py/software_training/_software_training_s.ep.rosidl_typesupport_introspection_c.c.o[0m
[7.064s] [ 88%] [32mBuilding C object CMakeFiles/software_training__rosidl_typesupport_c__pyext.dir/rosidl_generator_py/software_training/_software_training_s.ep.rosidl_typesupport_c.c.o[0m
[7.068s] [ 90%] [32mBuilding C object CMakeFiles/software_training__rosidl_typesupport_fastrtps_c__pyext.dir/rosidl_generator_py/software_training/_software_training_s.ep.rosidl_typesupport_fastrtps_c.c.o[0m
[7.168s] [ 91%] [32m[1mLinking C shared library rosidl_generator_py/software_training/software_training_s__rosidl_typesupport_introspection_c.cpython-38-x86_64-linux-gnu.so[0m
[7.206s] [ 91%] Built target software_training__rosidl_typesupport_introspection_c__pyext
[7.223s] [ 93%] [32m[1mLinking C shared library rosidl_generator_py/software_training/software_training_s__rosidl_typesupport_c.cpython-38-x86_64-linux-gnu.so[0m
[7.229s] [ 95%] [32m[1mLinking CXX shared library rosidl_generator_py/software_training/software_training_s__rosidl_typesupport_fastrtps_c.cpython-38-x86_64-linux-gnu.so[0m
[7.262s] [ 95%] Built target software_training__rosidl_typesupport_c__pyext
[7.297s] [ 95%] Built target software_training__rosidl_typesupport_fastrtps_c__pyext
[8.361s] [ 96%] [32m[1mLinking CXX shared library libturtle_service.so[0m
[8.489s] [ 96%] Built target turtle_service
[10.392s] [ 98%] [32m[1mLinking CXX shared library libturtle_pub.so[0m
[10.599s] [ 98%] Built target turtle_pub
[11.051s] [100%] [32m[1mLinking CXX shared library libturtle_action_server.so[0m
[11.284s] [100%] Built target turtle_action_server
[11.292s] Invoked command in '/home/jrayappa/final_ros2_ws/build/software_training' returned '0': CMAKE_PREFIX_PATH=/opt/ros/foxy /usr/bin/cmake --build /home/jrayappa/final_ros2_ws/build/software_training -- -j12 -l12
[11.353s] Invoking command in '/home/jrayappa/final_ros2_ws/build/software_training': CMAKE_PREFIX_PATH=/opt/ros/foxy /usr/bin/cmake --install /home/jrayappa/final_ros2_ws/build/software_training
[11.360s] -- Install configuration: ""
[11.360s] -- Installing: /home/jrayappa/final_ros2_ws/install/software_training/share/ament_index/resource_index/rosidl_interfaces/software_training
[11.360s] -- Installing: /home/jrayappa/final_ros2_ws/install/software_training/include/software_training
[11.360s] -- Installing: /home/jrayappa/final_ros2_ws/install/software_training/include/software_training/srv
[11.360s] -- Installing: /home/jrayappa/final_ros2_ws/install/software_training/include/software_training/srv/detail
[11.360s] -- Installing: /home/jrayappa/final_ros2_ws/install/software_training/include/software_training/srv/detail/software__functions.c
[11.360s] -- Installing: /home/jrayappa/final_ros2_ws/install/software_training/include/software_training/srv/detail/software__struct.h
[11.360s] -- Installing: /home/jrayappa/final_ros2_ws/install/software_training/include/software_training/srv/detail/software__functions.h
[11.361s] -- Installing: /home/jrayappa/final_ros2_ws/install/software_training/include/software_training/srv/detail/software__type_support.h
[11.361s] -- Installing: /home/jrayappa/final_ros2_ws/install/software_training/include/software_training/srv/software.h
[11.361s] -- Installing: /home/jrayappa/final_ros2_ws/install/software_training/include/software_training/msg
[11.361s] -- Installing: /home/jrayappa/final_ros2_ws/install/software_training/include/software_training/msg/rosidl_generator_c__visibility_control.h
[11.361s] -- Installing: /home/jrayappa/final_ros2_ws/install/software_training/include/software_training/msg/detail
[11.361s] -- Installing: /home/jrayappa/final_ros2_ws/install/software_training/include/software_training/msg/detail/software__functions.c
[11.361s] -- Installing: /home/jrayappa/final_ros2_ws/install/software_training/include/software_training/msg/detail/software__struct.h
[11.361s] -- Installing: /home/jrayappa/final_ros2_ws/install/software_training/include/software_training/msg/detail/software__functions.h
[11.361s] -- Installing: /home/jrayappa/final_ros2_ws/install/software_training/include/software_training/msg/detail/software__type_support.h
[11.361s] -- Installing: /home/jrayappa/final_ros2_ws/install/software_training/include/software_training/msg/software.h
[11.361s] -- Installing: /home/jrayappa/final_ros2_ws/install/software_training/include/software_training/action
[11.361s] -- Installing: /home/jrayappa/final_ros2_ws/install/software_training/include/software_training/action/detail
[11.361s] -- Installing: /home/jrayappa/final_ros2_ws/install/software_training/include/software_training/action/detail/software__functions.c
[11.362s] -- Installing: /home/jrayappa/final_ros2_ws/install/software_training/include/software_training/action/detail/software__struct.h
[11.362s] -- Installing: /home/jrayappa/final_ros2_ws/install/software_training/include/software_training/action/detail/software__functions.h
[11.362s] -- Installing: /home/jrayappa/final_ros2_ws/install/software_training/include/software_training/action/detail/software__type_support.h
[11.362s] -- Installing: /home/jrayappa/final_ros2_ws/install/software_training/include/software_training/action/software.h
[11.362s] -- Installing: /home/jrayappa/final_ros2_ws/install/software_training/share/software_training/environment/library_path.sh
[11.362s] -- Installing: /home/jrayappa/final_ros2_ws/install/software_training/share/software_training/environment/library_path.dsv
[11.362s] -- Installing: /home/jrayappa/final_ros2_ws/install/software_training/lib/libsoftware_training__rosidl_generator_c.so
[11.363s] -- Set runtime path of "/home/jrayappa/final_ros2_ws/install/software_training/lib/libsoftware_training__rosidl_generator_c.so" to ""
[11.363s] -- Up-to-date: /home/jrayappa/final_ros2_ws/install/software_training/include/software_training
[11.363s] -- Up-to-date: /home/jrayappa/final_ros2_ws/install/software_training/include/software_training/srv
[11.363s] -- Up-to-date: /home/jrayappa/final_ros2_ws/install/software_training/include/software_training/srv/detail
[11.363s] -- Installing: /home/jrayappa/final_ros2_ws/install/software_training/include/software_training/srv/detail/software__rosidl_typesupport_fastrtps_c.h
[11.363s] -- Up-to-date: /home/jrayappa/final_ros2_ws/install/software_training/include/software_training/msg
[11.363s] -- Installing: /home/jrayappa/final_ros2_ws/install/software_training/include/software_training/msg/rosidl_typesupport_fastrtps_c__visibility_control.h
[11.363s] -- Up-to-date: /home/jrayappa/final_ros2_ws/install/software_training/include/software_training/msg/detail
[11.363s] -- Installing: /home/jrayappa/final_ros2_ws/install/software_training/include/software_training/msg/detail/software__rosidl_typesupport_fastrtps_c.h
[11.363s] -- Up-to-date: /home/jrayappa/final_ros2_ws/install/software_training/include/software_training/action
[11.363s] -- Up-to-date: /home/jrayappa/final_ros2_ws/install/software_training/include/software_training/action/detail
[11.364s] -- Installing: /home/jrayappa/final_ros2_ws/install/software_training/include/software_training/action/detail/software__rosidl_typesupport_fastrtps_c.h
[11.364s] -- Installing: /home/jrayappa/final_ros2_ws/install/software_training/lib/libsoftware_training__rosidl_typesupport_fastrtps_c.so
[11.364s] -- Set runtime path of "/home/jrayappa/final_ros2_ws/install/software_training/lib/libsoftware_training__rosidl_typesupport_fastrtps_c.so" to ""
[11.364s] -- Up-to-date: /home/jrayappa/final_ros2_ws/install/software_training/include/software_training
[11.364s] -- Up-to-date: /home/jrayappa/final_ros2_ws/install/software_training/include/software_training/srv
[11.364s] -- Up-to-date: /home/jrayappa/final_ros2_ws/install/software_training/include/software_training/srv/detail
[11.364s] -- Installing: /home/jrayappa/final_ros2_ws/install/software_training/include/software_training/srv/detail/dds_fastrtps
[11.364s] -- Installing: /home/jrayappa/final_ros2_ws/install/software_training/include/software_training/srv/detail/software__rosidl_typesupport_fastrtps_cpp.hpp
[11.364s] -- Up-to-date: /home/jrayappa/final_ros2_ws/install/software_training/include/software_training/msg
[11.364s] -- Installing: /home/jrayappa/final_ros2_ws/install/software_training/include/software_training/msg/rosidl_typesupport_fastrtps_cpp__visibility_control.h
[11.364s] -- Up-to-date: /home/jrayappa/final_ros2_ws/install/software_training/include/software_training/msg/detail
[11.364s] -- Installing: /home/jrayappa/final_ros2_ws/install/software_training/include/software_training/msg/detail/dds_fastrtps
[11.365s] -- Installing: /home/jrayappa/final_ros2_ws/install/software_training/include/software_training/msg/detail/software__rosidl_typesupport_fastrtps_cpp.hpp
[11.365s] -- Up-to-date: /home/jrayappa/final_ros2_ws/install/software_training/include/software_training/action
[11.365s] -- Up-to-date: /home/jrayappa/final_ros2_ws/install/software_training/include/software_training/action/detail
[11.365s] -- Installing: /home/jrayappa/final_ros2_ws/install/software_training/include/software_training/action/detail/dds_fastrtps
[11.365s] -- Installing: /home/jrayappa/final_ros2_ws/install/software_training/include/software_training/action/detail/software__rosidl_typesupport_fastrtps_cpp.hpp
[11.365s] -- Installing: /home/jrayappa/final_ros2_ws/install/software_training/lib/libsoftware_training__rosidl_typesupport_fastrtps_cpp.so
[11.365s] -- Set runtime path of "/home/jrayappa/final_ros2_ws/install/software_training/lib/libsoftware_training__rosidl_typesupport_fastrtps_cpp.so" to ""
[11.365s] -- Up-to-date: /home/jrayappa/final_ros2_ws/install/software_training/include/software_training
[11.366s] -- Up-to-date: /home/jrayappa/final_ros2_ws/install/software_training/include/software_training/srv
[11.366s] -- Up-to-date: /home/jrayappa/final_ros2_ws/install/software_training/include/software_training/srv/detail
[11.366s] -- Installing: /home/jrayappa/final_ros2_ws/install/software_training/include/software_training/srv/detail/software__type_support.c
[11.366s] -- Installing: /home/jrayappa/final_ros2_ws/install/software_training/include/software_training/srv/detail/software__rosidl_typesupport_introspection_c.h
[11.366s] -- Up-to-date: /home/jrayappa/final_ros2_ws/install/software_training/include/software_training/msg
[11.366s] -- Installing: /home/jrayappa/final_ros2_ws/install/software_training/include/software_training/msg/rosidl_typesupport_introspection_c__visibility_control.h
[11.366s] -- Up-to-date: /home/jrayappa/final_ros2_ws/install/software_training/include/software_training/msg/detail
[11.366s] -- Installing: /home/jrayappa/final_ros2_ws/install/software_training/include/software_training/msg/detail/software__type_support.c
[11.366s] -- Installing: /home/jrayappa/final_ros2_ws/install/software_training/include/software_training/msg/detail/software__rosidl_typesupport_introspection_c.h
[11.366s] -- Up-to-date: /home/jrayappa/final_ros2_ws/install/software_training/include/software_training/action
[11.366s] -- Up-to-date: /home/jrayappa/final_ros2_ws/install/software_training/include/software_training/action/detail
[11.366s] -- Installing: /home/jrayappa/final_ros2_ws/install/software_training/include/software_training/action/detail/software__type_support.c
[11.366s] -- Installing: /home/jrayappa/final_ros2_ws/install/software_training/include/software_training/action/detail/software__rosidl_typesupport_introspection_c.h
[11.366s] -- Installing: /home/jrayappa/final_ros2_ws/install/software_training/lib/libsoftware_training__rosidl_typesupport_introspection_c.so
[11.367s] -- Set runtime path of "/home/jrayappa/final_ros2_ws/install/software_training/lib/libsoftware_training__rosidl_typesupport_introspection_c.so" to ""
[11.367s] -- Installing: /home/jrayappa/final_ros2_ws/install/software_training/lib/libsoftware_training__rosidl_typesupport_c.so
[11.367s] -- Set runtime path of "/home/jrayappa/final_ros2_ws/install/software_training/lib/libsoftware_training__rosidl_typesupport_c.so" to ""
[11.367s] -- Up-to-date: /home/jrayappa/final_ros2_ws/install/software_training/include/software_training
[11.367s] -- Up-to-date: /home/jrayappa/final_ros2_ws/install/software_training/include/software_training/srv
[11.367s] -- Installing: /home/jrayappa/final_ros2_ws/install/software_training/include/software_training/srv/software.hpp
[11.367s] -- Up-to-date: /home/jrayappa/final_ros2_ws/install/software_training/include/software_training/srv/detail
[11.367s] -- Installing: /home/jrayappa/final_ros2_ws/install/software_training/include/software_training/srv/detail/software__struct.hpp
[11.367s] -- Installing: /home/jrayappa/final_ros2_ws/install/software_training/include/software_training/srv/detail/software__builder.hpp
[11.367s] -- Installing: /home/jrayappa/final_ros2_ws/install/software_training/include/software_training/srv/detail/software__traits.hpp
[11.368s] -- Up-to-date: /home/jrayappa/final_ros2_ws/install/software_training/include/software_training/msg
[11.368s] -- Installing: /home/jrayappa/final_ros2_ws/install/software_training/include/software_training/msg/software.hpp
[11.368s] -- Up-to-date: /home/jrayappa/final_ros2_ws/install/software_training/include/software_training/msg/detail
[11.368s] -- Installing: /home/jrayappa/final_ros2_ws/install/software_training/include/software_training/msg/detail/software__struct.hpp
[11.368s] -- Installing: /home/jrayappa/final_ros2_ws/install/software_training/include/software_training/msg/detail/software__builder.hpp
[11.368s] -- Installing: /home/jrayappa/final_ros2_ws/install/software_training/include/software_training/msg/detail/software__traits.hpp
[11.368s] -- Up-to-date: /home/jrayappa/final_ros2_ws/install/software_training/include/software_training/action
[11.368s] -- Installing: /home/jrayappa/final_ros2_ws/install/software_training/include/software_training/action/software.hpp
[11.368s] -- Up-to-date: /home/jrayappa/final_ros2_ws/install/software_training/include/software_training/action/detail
[11.368s] -- Installing: /home/jrayappa/final_ros2_ws/install/software_training/include/software_training/action/detail/software__struct.hpp
[11.368s] -- Installing: /home/jrayappa/final_ros2_ws/install/software_training/include/software_training/action/detail/software__builder.hpp
[11.368s] -- Installing: /home/jrayappa/final_ros2_ws/install/software_training/include/software_training/action/detail/software__traits.hpp
[11.368s] -- Up-to-date: /home/jrayappa/final_ros2_ws/install/software_training/include/software_training
[11.368s] -- Up-to-date: /home/jrayappa/final_ros2_ws/install/software_training/include/software_training/srv
[11.369s] -- Up-to-date: /home/jrayappa/final_ros2_ws/install/software_training/include/software_training/srv/detail
[11.369s] -- Installing: /home/jrayappa/final_ros2_ws/install/software_training/include/software_training/srv/detail/software__type_support.cpp
[11.369s] -- Installing: /home/jrayappa/final_ros2_ws/install/software_training/include/software_training/srv/detail/software__rosidl_typesupport_introspection_cpp.hpp
[11.369s] -- Up-to-date: /home/jrayappa/final_ros2_ws/install/software_training/include/software_training/msg
[11.369s] -- Up-to-date: /home/jrayappa/final_ros2_ws/install/software_training/include/software_training/msg/detail
[11.369s] -- Installing: /home/jrayappa/final_ros2_ws/install/software_training/include/software_training/msg/detail/software__type_support.cpp
[11.369s] -- Installing: /home/jrayappa/final_ros2_ws/install/software_training/include/software_training/msg/detail/software__rosidl_typesupport_introspection_cpp.hpp
[11.369s] -- Up-to-date: /home/jrayappa/final_ros2_ws/install/software_training/include/software_training/action
[11.369s] -- Up-to-date: /home/jrayappa/final_ros2_ws/install/software_training/include/software_training/action/detail
[11.369s] -- Installing: /home/jrayappa/final_ros2_ws/install/software_training/include/software_training/action/detail/software__type_support.cpp
[11.369s] -- Installing: /home/jrayappa/final_ros2_ws/install/software_training/include/software_training/action/detail/software__rosidl_typesupport_introspection_cpp.hpp
[11.370s] -- Installing: /home/jrayappa/final_ros2_ws/install/software_training/lib/libsoftware_training__rosidl_typesupport_introspection_cpp.so
[11.370s] -- Set runtime path of "/home/jrayappa/final_ros2_ws/install/software_training/lib/libsoftware_training__rosidl_typesupport_introspection_cpp.so" to ""
[11.370s] -- Installing: /home/jrayappa/final_ros2_ws/install/software_training/lib/libsoftware_training__rosidl_typesupport_cpp.so
[11.370s] -- Set runtime path of "/home/jrayappa/final_ros2_ws/install/software_training/lib/libsoftware_training__rosidl_typesupport_cpp.so" to ""
[11.370s] -- Installing: /home/jrayappa/final_ros2_ws/install/software_training/share/software_training/environment/pythonpath.sh
[11.370s] -- Installing: /home/jrayappa/final_ros2_ws/install/software_training/share/software_training/environment/pythonpath.dsv
[11.370s] -- Installing: /home/jrayappa/final_ros2_ws/install/software_training/lib/python3.8/site-packages/software_training/__init__.py
[11.394s] Compiling '/home/jrayappa/final_ros2_ws/install/software_training/lib/python3.8/site-packages/software_training/__init__.py'...
[11.397s] -- Installing: /home/jrayappa/final_ros2_ws/install/software_training/lib/python3.8/site-packages/software_training/msg
[11.397s] -- Installing: /home/jrayappa/final_ros2_ws/install/software_training/lib/python3.8/site-packages/software_training/msg/_software.py
[11.397s] -- Installing: /home/jrayappa/final_ros2_ws/install/software_training/lib/python3.8/site-packages/software_training/msg/_software_s.c
[11.397s] -- Installing: /home/jrayappa/final_ros2_ws/install/software_training/lib/python3.8/site-packages/software_training/msg/__init__.py
[11.397s] -- Installing: /home/jrayappa/final_ros2_ws/install/software_training/lib/python3.8/site-packages/software_training/srv
[11.397s] -- Installing: /home/jrayappa/final_ros2_ws/install/software_training/lib/python3.8/site-packages/software_training/srv/_software.py
[11.397s] -- Installing: /home/jrayappa/final_ros2_ws/install/software_training/lib/python3.8/site-packages/software_training/srv/_software_s.c
[11.398s] -- Installing: /home/jrayappa/final_ros2_ws/install/software_training/lib/python3.8/site-packages/software_training/srv/__init__.py
[11.398s] -- Installing: /home/jrayappa/final_ros2_ws/install/software_training/lib/python3.8/site-packages/software_training/action
[11.398s] -- Installing: /home/jrayappa/final_ros2_ws/install/software_training/lib/python3.8/site-packages/software_training/action/_software.py
[11.398s] -- Installing: /home/jrayappa/final_ros2_ws/install/software_training/lib/python3.8/site-packages/software_training/action/_software_s.c
[11.398s] -- Installing: /home/jrayappa/final_ros2_ws/install/software_training/lib/python3.8/site-packages/software_training/action/__init__.py
[11.398s] -- Installing: /home/jrayappa/final_ros2_ws/install/software_training/lib/python3.8/site-packages/software_training/software_training_s__rosidl_typesupport_fastrtps_c.cpython-38-x86_64-linux-gnu.so
[11.398s] -- Set runtime path of "/home/jrayappa/final_ros2_ws/install/software_training/lib/python3.8/site-packages/software_training/software_training_s__rosidl_typesupport_fastrtps_c.cpython-38-x86_64-linux-gnu.so" to ""
[11.399s] -- Installing: /home/jrayappa/final_ros2_ws/install/software_training/lib/python3.8/site-packages/software_training/software_training_s__rosidl_typesupport_introspection_c.cpython-38-x86_64-linux-gnu.so
[11.399s] -- Set runtime path of "/home/jrayappa/final_ros2_ws/install/software_training/lib/python3.8/site-packages/software_training/software_training_s__rosidl_typesupport_introspection_c.cpython-38-x86_64-linux-gnu.so" to ""
[11.399s] -- Installing: /home/jrayappa/final_ros2_ws/install/software_training/lib/python3.8/site-packages/software_training/software_training_s__rosidl_typesupport_c.cpython-38-x86_64-linux-gnu.so
[11.399s] -- Set runtime path of "/home/jrayappa/final_ros2_ws/install/software_training/lib/python3.8/site-packages/software_training/software_training_s__rosidl_typesupport_c.cpython-38-x86_64-linux-gnu.so" to ""
[11.400s] -- Installing: /home/jrayappa/final_ros2_ws/install/software_training/lib/libsoftware_training__python.so
[11.400s] -- Set runtime path of "/home/jrayappa/final_ros2_ws/install/software_training/lib/libsoftware_training__python.so" to ""
[11.400s] -- Installing: /home/jrayappa/final_ros2_ws/install/software_training/share/software_training/msg/Software.idl
[11.400s] -- Installing: /home/jrayappa/final_ros2_ws/install/software_training/share/software_training/srv/Software.idl
[11.400s] -- Installing: /home/jrayappa/final_ros2_ws/install/software_training/share/software_training/action/Software.idl
[11.400s] -- Installing: /home/jrayappa/final_ros2_ws/install/software_training/share/software_training/msg/Software.msg
[11.400s] -- Installing: /home/jrayappa/final_ros2_ws/install/software_training/share/software_training/srv/Software.srv
[11.400s] -- Installing: /home/jrayappa/final_ros2_ws/install/software_training/share/software_training/srv/Software_Request.msg
[11.401s] -- Installing: /home/jrayappa/final_ros2_ws/install/software_training/share/software_training/srv/Software_Response.msg
[11.401s] -- Installing: /home/jrayappa/final_ros2_ws/install/software_training/share/software_training/action/Software.action
[11.401s] -- Installing: /home/jrayappa/final_ros2_ws/install/software_training/lib/software_training/moving_action_server
[11.401s] -- Set runtime path of "/home/jrayappa/final_ros2_ws/install/software_training/lib/software_training/moving_action_server" to ""
[11.401s] -- Installing: /home/jrayappa/final_ros2_ws/install/software_training/lib/libturtle_request.so
[11.402s] -- Set runtime path of "/home/jrayappa/final_ros2_ws/install/software_training/lib/libturtle_request.so" to ""
[11.402s] -- Installing: /home/jrayappa/final_ros2_ws/install/software_training/lib/libturtle_spawn.so
[11.403s] -- Set runtime path of "/home/jrayappa/final_ros2_ws/install/software_training/lib/libturtle_spawn.so" to ""
[11.403s] -- Installing: /home/jrayappa/final_ros2_ws/install/software_training/lib/libturtle_pub.so
[11.405s] -- Set runtime path of "/home/jrayappa/final_ros2_ws/install/software_training/lib/libturtle_pub.so" to ""
[11.405s] -- Installing: /home/jrayappa/final_ros2_ws/install/software_training/lib/libturtle_service.so
[11.406s] -- Set runtime path of "/home/jrayappa/final_ros2_ws/install/software_training/lib/libturtle_service.so" to ""
[11.406s] -- Installing: /home/jrayappa/final_ros2_ws/install/software_training/lib/libturtle_action_server.so
[11.409s] -- Set runtime path of "/home/jrayappa/final_ros2_ws/install/software_training/lib/libturtle_action_server.so" to ""
[11.409s] -- Installing: /home/jrayappa/final_ros2_ws/install/software_training/lib/libcmd_vel_publisher.so
[11.410s] -- Set runtime path of "/home/jrayappa/final_ros2_ws/install/software_training/lib/libcmd_vel_publisher.so" to ""
[11.410s] -- Installing: /home/jrayappa/final_ros2_ws/install/software_training/share/software_training/launch
[11.411s] -- Installing: /home/jrayappa/final_ros2_ws/install/software_training/share/software_training/launch/software_training.launch.py
[11.411s] CMake Error at cmake_install.cmake:556 (file):
[11.411s]   file INSTALL cannot find
[11.411s]   "/home/jrayappa/final_ros2_ws/src/software_training/config": No such file
[11.411s]   or directory.
[11.411s] 
[11.411s] 
[11.412s] Invoked command in '/home/jrayappa/final_ros2_ws/build/software_training' returned '1': CMAKE_PREFIX_PATH=/opt/ros/foxy /usr/bin/cmake --install /home/jrayappa/final_ros2_ws/build/software_training
