[0.104s] DEBUG:colcon:Command line arguments: ['/usr/bin/colcon', 'build']
[0.104s] DEBUG:colcon:Parsed command line arguments: Namespace(allow_overriding=[], ament_cmake_args=None, base_paths=['.'], build_base='build', catkin_cmake_args=None, catkin_skip_building_tests=False, cmake_args=None, cmake_clean_cache=False, cmake_clean_first=False, cmake_force_configure=False, cmake_target=None, cmake_target_skip_unavailable=False, continue_on_error=False, event_handlers=None, executor='parallel', ignore_user_meta=False, install_base='install', log_base=None, log_level=None, main=<bound method BuildVerb.main of <colcon_core.verb.build.BuildVerb object at 0x7fea7b7fbaf0>>, merge_install=False, metas=['./colcon.meta'], packages_above=None, packages_above_and_dependencies=None, packages_above_depth=None, packages_end=None, packages_ignore=None, packages_ignore_regex=None, packages_select=None, packages_select_build_failed=False, packages_select_by_dep=None, packages_select_regex=None, packages_select_test_failures=False, packages_skip=None, packages_skip_build_finished=False, packages_skip_by_dep=None, packages_skip_regex=None, packages_skip_test_passed=False, packages_skip_up_to=None, packages_start=None, packages_up_to=None, packages_up_to_regex=None, parallel_workers=12, paths=None, symlink_install=False, test_result_base=None, verb_extension=<colcon_core.verb.build.BuildVerb object at 0x7fea7b7fbaf0>, verb_name='build', verb_parser=<colcon_defaults.argument_parser.defaults.DefaultArgumentsDecorator object at 0x7fea7b7870a0>)
[0.122s] Level 1:colcon.colcon_core.package_discovery:discover_packages(colcon_meta) check parameters
[0.122s] Level 1:colcon.colcon_core.package_discovery:discover_packages(recursive) check parameters
[0.122s] Level 1:colcon.colcon_core.package_discovery:discover_packages(ignore) check parameters
[0.122s] Level 1:colcon.colcon_core.package_discovery:discover_packages(path) check parameters
[0.122s] Level 1:colcon.colcon_core.package_discovery:discover_packages(colcon_meta) discover
[0.122s] Level 1:colcon.colcon_core.package_discovery:discover_packages(recursive) discover
[0.122s] INFO:colcon.colcon_core.package_discovery:Crawling recursively for packages in '/home/jrayappa/final_ros2_ws'
[0.122s] Level 1:colcon.colcon_core.package_identification:_identify(.) by extensions ['ignore', 'ignore_ament_install']
[0.122s] Level 1:colcon.colcon_core.package_identification:_identify(.) by extension 'ignore'
[0.122s] Level 1:colcon.colcon_core.package_identification:_identify(.) by extension 'ignore_ament_install'
[0.122s] Level 1:colcon.colcon_core.package_identification:_identify(.) by extensions ['colcon_pkg']
[0.122s] Level 1:colcon.colcon_core.package_identification:_identify(.) by extension 'colcon_pkg'
[0.122s] Level 1:colcon.colcon_core.package_identification:_identify(.) by extensions ['colcon_meta']
[0.122s] Level 1:colcon.colcon_core.package_identification:_identify(.) by extension 'colcon_meta'
[0.122s] Level 1:colcon.colcon_core.package_identification:_identify(.) by extensions ['ros']
[0.122s] Level 1:colcon.colcon_core.package_identification:_identify(.) by extension 'ros'
[0.130s] Level 1:colcon.colcon_core.package_identification:_identify(.) by extensions ['cmake', 'python']
[0.130s] Level 1:colcon.colcon_core.package_identification:_identify(.) by extension 'cmake'
[0.130s] Level 1:colcon.colcon_core.package_identification:_identify(.) by extension 'python'
[0.130s] Level 1:colcon.colcon_core.package_identification:_identify(.) by extensions ['python_setup_py']
[0.130s] Level 1:colcon.colcon_core.package_identification:_identify(.) by extension 'python_setup_py'
[0.130s] Level 1:colcon.colcon_core.package_identification:_identify(build) by extensions ['ignore', 'ignore_ament_install']
[0.130s] Level 1:colcon.colcon_core.package_identification:_identify(build) by extension 'ignore'
[0.130s] Level 1:colcon.colcon_core.package_identification:_identify(build) ignored
[0.130s] Level 1:colcon.colcon_core.package_identification:_identify(install) by extensions ['ignore', 'ignore_ament_install']
[0.130s] Level 1:colcon.colcon_core.package_identification:_identify(install) by extension 'ignore'
[0.130s] Level 1:colcon.colcon_core.package_identification:_identify(install) ignored
[0.131s] Level 1:colcon.colcon_core.package_identification:_identify(log) by extensions ['ignore', 'ignore_ament_install']
[0.131s] Level 1:colcon.colcon_core.package_identification:_identify(log) by extension 'ignore'
[0.131s] Level 1:colcon.colcon_core.package_identification:_identify(log) ignored
[0.131s] Level 1:colcon.colcon_core.package_identification:_identify(src) by extensions ['ignore', 'ignore_ament_install']
[0.131s] Level 1:colcon.colcon_core.package_identification:_identify(src) by extension 'ignore'
[0.131s] Level 1:colcon.colcon_core.package_identification:_identify(src) by extension 'ignore_ament_install'
[0.131s] Level 1:colcon.colcon_core.package_identification:_identify(src) by extensions ['colcon_pkg']
[0.131s] Level 1:colcon.colcon_core.package_identification:_identify(src) by extension 'colcon_pkg'
[0.131s] Level 1:colcon.colcon_core.package_identification:_identify(src) by extensions ['colcon_meta']
[0.131s] Level 1:colcon.colcon_core.package_identification:_identify(src) by extension 'colcon_meta'
[0.131s] Level 1:colcon.colcon_core.package_identification:_identify(src) by extensions ['ros']
[0.131s] Level 1:colcon.colcon_core.package_identification:_identify(src) by extension 'ros'
[0.131s] Level 1:colcon.colcon_core.package_identification:_identify(src) by extensions ['cmake', 'python']
[0.131s] Level 1:colcon.colcon_core.package_identification:_identify(src) by extension 'cmake'
[0.131s] Level 1:colcon.colcon_core.package_identification:_identify(src) by extension 'python'
[0.131s] Level 1:colcon.colcon_core.package_identification:_identify(src) by extensions ['python_setup_py']
[0.131s] Level 1:colcon.colcon_core.package_identification:_identify(src) by extension 'python_setup_py'
[0.131s] Level 1:colcon.colcon_core.package_identification:_identify(src/software_training) by extensions ['ignore', 'ignore_ament_install']
[0.131s] Level 1:colcon.colcon_core.package_identification:_identify(src/software_training) by extension 'ignore'
[0.131s] Level 1:colcon.colcon_core.package_identification:_identify(src/software_training) by extension 'ignore_ament_install'
[0.131s] Level 1:colcon.colcon_core.package_identification:_identify(src/software_training) by extensions ['colcon_pkg']
[0.131s] Level 1:colcon.colcon_core.package_identification:_identify(src/software_training) by extension 'colcon_pkg'
[0.131s] Level 1:colcon.colcon_core.package_identification:_identify(src/software_training) by extensions ['colcon_meta']
[0.131s] Level 1:colcon.colcon_core.package_identification:_identify(src/software_training) by extension 'colcon_meta'
[0.132s] Level 1:colcon.colcon_core.package_identification:_identify(src/software_training) by extensions ['ros']
[0.132s] Level 1:colcon.colcon_core.package_identification:_identify(src/software_training) by extension 'ros'
[0.133s] DEBUG:colcon.colcon_core.package_identification:Package 'src/software_training' with type 'ros.ament_cmake' and name 'software_training'
[0.133s] Level 1:colcon.colcon_core.package_discovery:discover_packages(recursive) using defaults
[0.133s] Level 1:colcon.colcon_core.package_discovery:discover_packages(ignore) discover
[0.133s] Level 1:colcon.colcon_core.package_discovery:discover_packages(ignore) using defaults
[0.133s] Level 1:colcon.colcon_core.package_discovery:discover_packages(path) discover
[0.133s] Level 1:colcon.colcon_core.package_discovery:discover_packages(path) using defaults
[0.153s] Level 1:colcon.colcon_core.package_discovery:discover_packages(prefix_path) check parameters
[0.153s] Level 1:colcon.colcon_core.package_discovery:discover_packages(prefix_path) discover
[0.155s] DEBUG:colcon.colcon_installed_package_information.package_discovery:Found 262 installed packages in /opt/ros/foxy
[0.156s] Level 1:colcon.colcon_core.package_discovery:discover_packages(prefix_path) using defaults
[0.208s] Level 5:colcon.colcon_core.verb:set package 'software_training' build argument 'cmake_args' from command line to 'None'
[0.208s] Level 5:colcon.colcon_core.verb:set package 'software_training' build argument 'cmake_target' from command line to 'None'
[0.208s] Level 5:colcon.colcon_core.verb:set package 'software_training' build argument 'cmake_target_skip_unavailable' from command line to 'False'
[0.208s] Level 5:colcon.colcon_core.verb:set package 'software_training' build argument 'cmake_clean_cache' from command line to 'False'
[0.208s] Level 5:colcon.colcon_core.verb:set package 'software_training' build argument 'cmake_clean_first' from command line to 'False'
[0.208s] Level 5:colcon.colcon_core.verb:set package 'software_training' build argument 'cmake_force_configure' from command line to 'False'
[0.208s] Level 5:colcon.colcon_core.verb:set package 'software_training' build argument 'ament_cmake_args' from command line to 'None'
[0.208s] Level 5:colcon.colcon_core.verb:set package 'software_training' build argument 'catkin_cmake_args' from command line to 'None'
[0.208s] Level 5:colcon.colcon_core.verb:set package 'software_training' build argument 'catkin_skip_building_tests' from command line to 'False'
[0.208s] DEBUG:colcon.colcon_core.verb:Building package 'software_training' with the following arguments: {'ament_cmake_args': None, 'build_base': '/home/jrayappa/final_ros2_ws/build/software_training', 'catkin_cmake_args': None, 'catkin_skip_building_tests': False, 'cmake_args': None, 'cmake_clean_cache': False, 'cmake_clean_first': False, 'cmake_force_configure': False, 'cmake_target': None, 'cmake_target_skip_unavailable': False, 'install_base': '/home/jrayappa/final_ros2_ws/install/software_training', 'merge_install': False, 'path': '/home/jrayappa/final_ros2_ws/src/software_training', 'symlink_install': False, 'test_result_base': None}
[0.209s] INFO:colcon.colcon_core.executor:Executing jobs using 'parallel' executor
[0.212s] DEBUG:colcon.colcon_parallel_executor.executor.parallel:run_until_complete
[0.213s] INFO:colcon.colcon_ros.task.ament_cmake.build:Building ROS package in '/home/jrayappa/final_ros2_ws/src/software_training' with build type 'ament_cmake'
[0.213s] INFO:colcon.colcon_cmake.task.cmake.build:Building CMake package in '/home/jrayappa/final_ros2_ws/src/software_training'
[0.217s] INFO:colcon.colcon_core.plugin_system:Skipping extension 'colcon_core.shell.bat': Not used on non-Windows systems
[0.217s] INFO:colcon.colcon_core.shell:Skip shell extension 'powershell' for command environment: Not usable outside of PowerShell
[0.217s] DEBUG:colcon.colcon_core.shell:Skip shell extension 'dsv' for command environment
[0.224s] DEBUG:colcon.colcon_core.event_handler.log_command:Invoking command in '/home/jrayappa/final_ros2_ws/build/software_training': CMAKE_PREFIX_PATH=/opt/ros/foxy /usr/bin/cmake /home/jrayappa/final_ros2_ws/src/software_training -DCMAKE_INSTALL_PREFIX=/home/jrayappa/final_ros2_ws/install/software_training
[2.162s] DEBUG:colcon.colcon_core.event_handler.log_command:Invoked command in '/home/jrayappa/final_ros2_ws/build/software_training' returned '0': CMAKE_PREFIX_PATH=/opt/ros/foxy /usr/bin/cmake /home/jrayappa/final_ros2_ws/src/software_training -DCMAKE_INSTALL_PREFIX=/home/jrayappa/final_ros2_ws/install/software_training
[2.164s] DEBUG:colcon.colcon_core.event_handler.log_command:Invoking command in '/home/jrayappa/final_ros2_ws/build/software_training': CMAKE_PREFIX_PATH=/opt/ros/foxy /usr/bin/cmake --build /home/jrayappa/final_ros2_ws/build/software_training -- -j12 -l12
[11.506s] DEBUG:colcon.colcon_core.event_handler.log_command:Invoked command in '/home/jrayappa/final_ros2_ws/build/software_training' returned '0': CMAKE_PREFIX_PATH=/opt/ros/foxy /usr/bin/cmake --build /home/jrayappa/final_ros2_ws/build/software_training -- -j12 -l12
[11.567s] DEBUG:colcon.colcon_core.event_handler.log_command:Invoking command in '/home/jrayappa/final_ros2_ws/build/software_training': CMAKE_PREFIX_PATH=/opt/ros/foxy /usr/bin/cmake --install /home/jrayappa/final_ros2_ws/build/software_training
[11.625s] DEBUG:colcon.colcon_core.event_handler.log_command:Invoked command in '/home/jrayappa/final_ros2_ws/build/software_training' returned '1': CMAKE_PREFIX_PATH=/opt/ros/foxy /usr/bin/cmake --install /home/jrayappa/final_ros2_ws/build/software_training
[11.680s] Level 1:colcon.colcon_core.environment:create_environment_scripts_only(software_training)
[11.686s] Level 1:colcon.colcon_core.environment:checking '/home/jrayappa/final_ros2_ws/install/software_training' for CMake module files
[11.686s] Level 1:colcon.colcon_core.environment:checking '/home/jrayappa/final_ros2_ws/install/software_training' for CMake config files
[11.687s] Level 1:colcon.colcon_core.environment:checking '/home/jrayappa/final_ros2_ws/install/software_training/lib'
[11.687s] Level 1:colcon.colcon_core.shell:create_environment_hook('software_training', 'ld_library_path_lib')
[11.689s] INFO:colcon.colcon_core.shell:Creating environment hook '/home/jrayappa/final_ros2_ws/install/software_training/share/software_training/hook/ld_library_path_lib.ps1'
[11.690s] INFO:colcon.colcon_core.shell:Creating environment descriptor '/home/jrayappa/final_ros2_ws/install/software_training/share/software_training/hook/ld_library_path_lib.dsv'
[11.690s] INFO:colcon.colcon_core.shell:Creating environment hook '/home/jrayappa/final_ros2_ws/install/software_training/share/software_training/hook/ld_library_path_lib.sh'
[11.691s] Level 1:colcon.colcon_core.environment:checking '/home/jrayappa/final_ros2_ws/install/software_training/bin'
[11.691s] Level 1:colcon.colcon_core.environment:checking '/home/jrayappa/final_ros2_ws/install/software_training/lib/pkgconfig/software_training.pc'
[11.691s] Level 1:colcon.colcon_core.environment:checking '/home/jrayappa/final_ros2_ws/install/software_training/lib/python3.8/site-packages'
[11.691s] Level 1:colcon.colcon_core.shell:create_environment_hook('software_training', 'pythonpath')
[11.693s] INFO:colcon.colcon_core.shell:Creating environment hook '/home/jrayappa/final_ros2_ws/install/software_training/share/software_training/hook/pythonpath.ps1'
[11.693s] INFO:colcon.colcon_core.shell:Creating environment descriptor '/home/jrayappa/final_ros2_ws/install/software_training/share/software_training/hook/pythonpath.dsv'
[11.693s] INFO:colcon.colcon_core.shell:Creating environment hook '/home/jrayappa/final_ros2_ws/install/software_training/share/software_training/hook/pythonpath.sh'
[11.693s] Level 1:colcon.colcon_core.environment:checking '/home/jrayappa/final_ros2_ws/install/software_training/bin'
[11.694s] INFO:colcon.colcon_core.shell:Creating package script '/home/jrayappa/final_ros2_ws/install/software_training/share/software_training/package.ps1'
[11.695s] INFO:colcon.colcon_core.shell:Creating package descriptor '/home/jrayappa/final_ros2_ws/install/software_training/share/software_training/package.dsv'
[11.695s] INFO:colcon.colcon_core.shell:Creating package script '/home/jrayappa/final_ros2_ws/install/software_training/share/software_training/package.sh'
[11.696s] INFO:colcon.colcon_core.shell:Creating package script '/home/jrayappa/final_ros2_ws/install/software_training/share/software_training/package.bash'
[11.696s] INFO:colcon.colcon_core.shell:Creating package script '/home/jrayappa/final_ros2_ws/install/software_training/share/software_training/package.zsh'
[11.697s] Level 1:colcon.colcon_core.environment:create_file_with_runtime_dependencies(/home/jrayappa/final_ros2_ws/install/software_training/share/colcon-core/packages/software_training)
[11.707s] DEBUG:colcon.colcon_parallel_executor.executor.parallel:closing loop
[11.707s] DEBUG:colcon.colcon_parallel_executor.executor.parallel:loop closed
[11.708s] DEBUG:colcon.colcon_parallel_executor.executor.parallel:run_until_complete finished with '1'
[11.708s] DEBUG:colcon.colcon_core.event_reactor:joining thread
[11.713s] INFO:colcon.colcon_core.plugin_system:Skipping extension 'colcon_notification.desktop_notification.terminal_notifier': Not used on non-Darwin systems
[11.713s] INFO:colcon.colcon_core.plugin_system:Skipping extension 'colcon_notification.desktop_notification.win32': Not used on non-Windows systems
[11.713s] INFO:colcon.colcon_notification.desktop_notification:Sending desktop notification using 'notify2'
[11.727s] DEBUG:colcon.colcon_core.event_reactor:joined thread
[11.728s] INFO:colcon.colcon_core.shell:Creating prefix script '/home/jrayappa/final_ros2_ws/install/local_setup.ps1'
[11.729s] INFO:colcon.colcon_core.shell:Creating prefix util module '/home/jrayappa/final_ros2_ws/install/_local_setup_util_ps1.py'
[11.730s] INFO:colcon.colcon_core.shell:Creating prefix chain script '/home/jrayappa/final_ros2_ws/install/setup.ps1'
[11.731s] INFO:colcon.colcon_core.shell:Creating prefix script '/home/jrayappa/final_ros2_ws/install/local_setup.sh'
[11.731s] INFO:colcon.colcon_core.shell:Creating prefix util module '/home/jrayappa/final_ros2_ws/install/_local_setup_util_sh.py'
[11.732s] INFO:colcon.colcon_core.shell:Creating prefix chain script '/home/jrayappa/final_ros2_ws/install/setup.sh'
[11.733s] INFO:colcon.colcon_core.shell:Creating prefix script '/home/jrayappa/final_ros2_ws/install/local_setup.bash'
[11.733s] INFO:colcon.colcon_core.shell:Creating prefix chain script '/home/jrayappa/final_ros2_ws/install/setup.bash'
[11.734s] INFO:colcon.colcon_core.shell:Creating prefix script '/home/jrayappa/final_ros2_ws/install/local_setup.zsh'
[11.734s] INFO:colcon.colcon_core.shell:Creating prefix chain script '/home/jrayappa/final_ros2_ws/install/setup.zsh'
